CRITICAL - 2023-06-22 00:51:19 --> Class "Config\app\Validation\UserRules" not found
in SYSTEMPATH\Validation\Validation.php on line 613.
 1 SYSTEMPATH\Validation\Validation.php(127): CodeIgniter\Validation\Validation->loadRuleSets()
 2 SYSTEMPATH\Controller.php(140): CodeIgniter\Validation\Validation->run()
 3 APPPATH\Controllers\Users.php(29): CodeIgniter\Controller->validate([...], [...])
 4 SYSTEMPATH\CodeIgniter.php(934): App\Controllers\Users->index()
 5 SYSTEMPATH\CodeIgniter.php(499): CodeIgniter\CodeIgniter->runController(Object(App\Controllers\Users))
 6 SYSTEMPATH\CodeIgniter.php(368): CodeIgniter\CodeIgniter->handleRequest(null, Object(Config\Cache), false)
 7 FCPATH\index.php(67): CodeIgniter\CodeIgniter->run()
 8 SYSTEMPATH\Commands\Server\rewrite.php(47): require_once('C:\\Users\\User\\Downloads\\CI\\CI\\public\\index.php')
INFO - 2023-06-22 00:51:44 --> Session: Class initialized using 'CodeIgniter\Session\Handlers\FileHandler' driver.
CRITICAL - 2023-06-22 00:52:13 --> Class "Config\app\Validation\UserRules" not found
in SYSTEMPATH\Validation\Validation.php on line 613.
 1 SYSTEMPATH\Validation\Validation.php(127): CodeIgniter\Validation\Validation->loadRuleSets()
 2 SYSTEMPATH\Controller.php(140): CodeIgniter\Validation\Validation->run()
 3 APPPATH\Controllers\Users.php(29): CodeIgniter\Controller->validate([...], [...])
 4 SYSTEMPATH\CodeIgniter.php(934): App\Controllers\Users->index()
 5 SYSTEMPATH\CodeIgniter.php(499): CodeIgniter\CodeIgniter->runController(Object(App\Controllers\Users))
 6 SYSTEMPATH\CodeIgniter.php(368): CodeIgniter\CodeIgniter->handleRequest(null, Object(Config\Cache), false)
 7 FCPATH\index.php(67): CodeIgniter\CodeIgniter->run()
 8 SYSTEMPATH\Commands\Server\rewrite.php(47): require_once('C:\\Users\\User\\Downloads\\CI\\CI\\public\\index.php')
INFO - 2023-06-22 00:54:51 --> Session: Class initialized using 'CodeIgniter\Session\Handlers\FileHandler' driver.
CRITICAL - 2023-06-22 00:55:17 --> Class "app\Validation\UserRules" not found
in SYSTEMPATH\Validation\Validation.php on line 613.
 1 SYSTEMPATH\Validation\Validation.php(127): CodeIgniter\Validation\Validation->loadRuleSets()
 2 SYSTEMPATH\Controller.php(140): CodeIgniter\Validation\Validation->run()
 3 APPPATH\Controllers\Users.php(29): CodeIgniter\Controller->validate([...], [...])
 4 SYSTEMPATH\CodeIgniter.php(934): App\Controllers\Users->index()
 5 SYSTEMPATH\CodeIgniter.php(499): CodeIgniter\CodeIgniter->runController(Object(App\Controllers\Users))
 6 SYSTEMPATH\CodeIgniter.php(368): CodeIgniter\CodeIgniter->handleRequest(null, Object(Config\Cache), false)
 7 FCPATH\index.php(67): CodeIgniter\CodeIgniter->run()
 8 SYSTEMPATH\Commands\Server\rewrite.php(47): require_once('C:\\Users\\User\\Downloads\\CI\\CI\\public\\index.php')
INFO - 2023-06-22 00:58:56 --> Session: Class initialized using 'CodeIgniter\Session\Handlers\FileHandler' driver.
CRITICAL - 2023-06-22 00:59:07 --> Class "app\Validation\UserRules" not found
in SYSTEMPATH\Validation\Validation.php on line 613.
 1 SYSTEMPATH\Validation\Validation.php(127): CodeIgniter\Validation\Validation->loadRuleSets()
 2 SYSTEMPATH\Controller.php(140): CodeIgniter\Validation\Validation->run()
 3 APPPATH\Controllers\Users.php(27): CodeIgniter\Controller->validate([...], [...])
 4 SYSTEMPATH\CodeIgniter.php(934): App\Controllers\Users->index()
 5 SYSTEMPATH\CodeIgniter.php(499): CodeIgniter\CodeIgniter->runController(Object(App\Controllers\Users))
 6 SYSTEMPATH\CodeIgniter.php(368): CodeIgniter\CodeIgniter->handleRequest(null, Object(Config\Cache), false)
 7 FCPATH\index.php(67): CodeIgniter\CodeIgniter->run()
 8 SYSTEMPATH\Commands\Server\rewrite.php(47): require_once('C:\\Users\\User\\Downloads\\CI\\CI\\public\\index.php')
CRITICAL - 2023-06-22 01:01:08 --> Class "app\Validation\UserRules" not found
in SYSTEMPATH\Validation\Validation.php on line 613.
 1 SYSTEMPATH\Validation\Validation.php(127): CodeIgniter\Validation\Validation->loadRuleSets()
 2 SYSTEMPATH\Controller.php(140): CodeIgniter\Validation\Validation->run()
 3 APPPATH\Controllers\Users.php(27): CodeIgniter\Controller->validate([...], [...])
 4 SYSTEMPATH\CodeIgniter.php(934): App\Controllers\Users->index()
 5 SYSTEMPATH\CodeIgniter.php(499): CodeIgniter\CodeIgniter->runController(Object(App\Controllers\Users))
 6 SYSTEMPATH\CodeIgniter.php(368): CodeIgniter\CodeIgniter->handleRequest(null, Object(Config\Cache), false)
 7 FCPATH\index.php(67): CodeIgniter\CodeIgniter->run()
 8 SYSTEMPATH\Commands\Server\rewrite.php(47): require_once('C:\\Users\\User\\Downloads\\CI\\CI\\public\\index.php')
INFO - 2023-06-22 01:01:25 --> Session: Class initialized using 'CodeIgniter\Session\Handlers\FileHandler' driver.
CRITICAL - 2023-06-22 01:01:44 --> Class "app\Validation\UserRules" not found
in SYSTEMPATH\Validation\Validation.php on line 613.
 1 SYSTEMPATH\Validation\Validation.php(127): CodeIgniter\Validation\Validation->loadRuleSets()
 2 SYSTEMPATH\Controller.php(140): CodeIgniter\Validation\Validation->run()
 3 APPPATH\Controllers\Users.php(27): CodeIgniter\Controller->validate([...], [...])
 4 SYSTEMPATH\CodeIgniter.php(934): App\Controllers\Users->index()
 5 SYSTEMPATH\CodeIgniter.php(499): CodeIgniter\CodeIgniter->runController(Object(App\Controllers\Users))
 6 SYSTEMPATH\CodeIgniter.php(368): CodeIgniter\CodeIgniter->handleRequest(null, Object(Config\Cache), false)
 7 FCPATH\index.php(67): CodeIgniter\CodeIgniter->run()
 8 SYSTEMPATH\Commands\Server\rewrite.php(47): require_once('C:\\Users\\User\\Downloads\\CI\\CI\\public\\index.php')
INFO - 2023-06-22 01:07:56 --> Session: Class initialized using 'CodeIgniter\Session\Handlers\FileHandler' driver.
INFO - 2023-06-22 01:08:11 --> Session: Class initialized using 'CodeIgniter\Session\Handlers\FileHandler' driver.
INFO - 2023-06-22 01:15:43 --> Session: Class initialized using 'CodeIgniter\Session\Handlers\FileHandler' driver.
CRITICAL - 2023-06-22 01:35:01 --> Call to undefined method App\Models\UserModel::model
in SYSTEMPATH\Model.php on line 842.
 1 APPPATH\Controllers\Users.php(33): CodeIgniter\Model->__call('model', [...])
 2 SYSTEMPATH\CodeIgniter.php(934): App\Controllers\Users->index()
 3 SYSTEMPATH\CodeIgniter.php(499): CodeIgniter\CodeIgniter->runController(Object(App\Controllers\Users))
 4 SYSTEMPATH\CodeIgniter.php(368): CodeIgniter\CodeIgniter->handleRequest(null, Object(Config\Cache), false)
 5 FCPATH\index.php(67): CodeIgniter\CodeIgniter->run()
 6 SYSTEMPATH\Commands\Server\rewrite.php(47): require_once('C:\\Users\\User\\Downloads\\CI\\CI\\public\\index.php')
INFO - 2023-06-22 01:38:24 --> Session: Class initialized using 'CodeIgniter\Session\Handlers\FileHandler' driver.
INFO - 2023-06-22 01:38:57 --> Session: Class initialized using 'CodeIgniter\Session\Handlers\FileHandler' driver.
INFO - 2023-06-22 01:40:10 --> Session: Class initialized using 'CodeIgniter\Session\Handlers\FileHandler' driver.
INFO - 2023-06-22 01:42:19 --> Session: Class initialized using 'CodeIgniter\Session\Handlers\FileHandler' driver.
INFO - 2023-06-22 01:42:42 --> Session: Class initialized using 'CodeIgniter\Session\Handlers\FileHandler' driver.
INFO - 2023-06-22 01:44:23 --> Session: Class initialized using 'CodeIgniter\Session\Handlers\FileHandler' driver.
INFO - 2023-06-22 01:45:47 --> Session: Class initialized using 'CodeIgniter\Session\Handlers\FileHandler' driver.
INFO - 2023-06-22 01:47:01 --> Session: Class initialized using 'CodeIgniter\Session\Handlers\FileHandler' driver.
INFO - 2023-06-22 01:47:11 --> Session: Class initialized using 'CodeIgniter\Session\Handlers\FileHandler' driver.
INFO - 2023-06-22 01:53:31 --> Session: Class initialized using 'CodeIgniter\Session\Handlers\FileHandler' driver.
INFO - 2023-06-22 01:54:37 --> Session: Class initialized using 'CodeIgniter\Session\Handlers\FileHandler' driver.
INFO - 2023-06-22 02:02:19 --> Session: Class initialized using 'CodeIgniter\Session\Handlers\FileHandler' driver.
INFO - 2023-06-22 02:02:42 --> Session: Class initialized using 'CodeIgniter\Session\Handlers\FileHandler' driver.
INFO - 2023-06-22 02:02:55 --> Session: Class initialized using 'CodeIgniter\Session\Handlers\FileHandler' driver.
INFO - 2023-06-22 03:30:10 --> Session: Class initialized using 'CodeIgniter\Session\Handlers\FileHandler' driver.
INFO - 2023-06-22 03:30:22 --> Session: Class initialized using 'CodeIgniter\Session\Handlers\FileHandler' driver.
INFO - 2023-06-22 03:36:34 --> Session: Class initialized using 'CodeIgniter\Session\Handlers\FileHandler' driver.
INFO - 2023-06-22 03:38:01 --> Session: Class initialized using 'CodeIgniter\Session\Handlers\FileHandler' driver.
INFO - 2023-06-22 03:38:15 --> Session: Class initialized using 'CodeIgniter\Session\Handlers\FileHandler' driver.
INFO - 2023-06-22 03:38:30 --> Session: Class initialized using 'CodeIgniter\Session\Handlers\FileHandler' driver.
INFO - 2023-06-22 03:46:07 --> Session: Class initialized using 'CodeIgniter\Session\Handlers\FileHandler' driver.
INFO - 2023-06-22 03:47:17 --> Session: Class initialized using 'CodeIgniter\Session\Handlers\FileHandler' driver.
INFO - 2023-06-22 03:47:25 --> Session: Class initialized using 'CodeIgniter\Session\Handlers\FileHandler' driver.
INFO - 2023-06-22 03:53:52 --> Session: Class initialized using 'CodeIgniter\Session\Handlers\FileHandler' driver.
INFO - 2023-06-22 03:53:59 --> Session: Class initialized using 'CodeIgniter\Session\Handlers\FileHandler' driver.
INFO - 2023-06-22 03:58:53 --> Session: Class initialized using 'CodeIgniter\Session\Handlers\FileHandler' driver.
INFO - 2023-06-22 03:59:00 --> Session: Class initialized using 'CodeIgniter\Session\Handlers\FileHandler' driver.
INFO - 2023-06-22 04:04:17 --> Session: Class initialized using 'CodeIgniter\Session\Handlers\FileHandler' driver.
INFO - 2023-06-22 04:04:21 --> Session: Class initialized using 'CodeIgniter\Session\Handlers\FileHandler' driver.
INFO - 2023-06-22 04:04:22 --> Session: Class initialized using 'CodeIgniter\Session\Handlers\FileHandler' driver.
INFO - 2023-06-22 04:04:28 --> Session: Class initialized using 'CodeIgniter\Session\Handlers\FileHandler' driver.
INFO - 2023-06-22 04:04:46 --> Session: Class initialized using 'CodeIgniter\Session\Handlers\FileHandler' driver.
INFO - 2023-06-22 04:20:05 --> Session: Class initialized using 'CodeIgniter\Session\Handlers\FileHandler' driver.
INFO - 2023-06-22 04:20:16 --> Session: Class initialized using 'CodeIgniter\Session\Handlers\FileHandler' driver.
INFO - 2023-06-22 04:20:46 --> Session: Class initialized using 'CodeIgniter\Session\Handlers\FileHandler' driver.
INFO - 2023-06-22 04:20:56 --> Session: Class initialized using 'CodeIgniter\Session\Handlers\FileHandler' driver.
INFO - 2023-06-22 04:22:34 --> Session: Class initialized using 'CodeIgniter\Session\Handlers\FileHandler' driver.
INFO - 2023-06-22 04:22:58 --> Session: Class initialized using 'CodeIgniter\Session\Handlers\FileHandler' driver.
INFO - 2023-06-22 04:23:04 --> Session: Class initialized using 'CodeIgniter\Session\Handlers\FileHandler' driver.
INFO - 2023-06-22 04:24:56 --> Session: Class initialized using 'CodeIgniter\Session\Handlers\FileHandler' driver.
INFO - 2023-06-22 04:25:32 --> Session: Class initialized using 'CodeIgniter\Session\Handlers\FileHandler' driver.
INFO - 2023-06-22 04:25:46 --> Session: Class initialized using 'CodeIgniter\Session\Handlers\FileHandler' driver.
INFO - 2023-06-22 04:25:46 --> Session: Class initialized using 'CodeIgniter\Session\Handlers\FileHandler' driver.
INFO - 2023-06-22 04:31:25 --> Session: Class initialized using 'CodeIgniter\Session\Handlers\FileHandler' driver.
INFO - 2023-06-22 04:32:30 --> Session: Class initialized using 'CodeIgniter\Session\Handlers\FileHandler' driver.
INFO - 2023-06-22 04:33:41 --> Session: Class initialized using 'CodeIgniter\Session\Handlers\FileHandler' driver.
INFO - 2023-06-22 04:33:53 --> Session: Class initialized using 'CodeIgniter\Session\Handlers\FileHandler' driver.
CRITICAL - 2023-06-22 04:33:53 --> Invalid file: "http://localhost:8080/dashboard.php"
in SYSTEMPATH\Exceptions\FrameworkException.php on line 33.
 1 SYSTEMPATH\View\View.php(201): CodeIgniter\Exceptions\FrameworkException::forInvalidFile('http://localhost:8080/dashboard.php')
 2 SYSTEMPATH\Common.php(1184): CodeIgniter\View\View->render('http://localhost:8080/dashboard', [], true)
 3 APPPATH\Controllers\Dashboard.php(12): view('http://localhost:8080/dashboard', [])
 4 SYSTEMPATH\CodeIgniter.php(934): App\Controllers\Dashboard->index()
 5 SYSTEMPATH\CodeIgniter.php(499): CodeIgniter\CodeIgniter->runController(Object(App\Controllers\Dashboard))
 6 SYSTEMPATH\CodeIgniter.php(368): CodeIgniter\CodeIgniter->handleRequest(null, Object(Config\Cache), false)
 7 FCPATH\index.php(67): CodeIgniter\CodeIgniter->run()
 8 SYSTEMPATH\Commands\Server\rewrite.php(47): require_once('C:\\Users\\User\\Downloads\\CI\\CI\\public\\index.php')
INFO - 2023-06-22 04:34:42 --> Session: Class initialized using 'CodeIgniter\Session\Handlers\FileHandler' driver.
INFO - 2023-06-22 04:55:43 --> Session: Class initialized using 'CodeIgniter\Session\Handlers\FileHandler' driver.
INFO - 2023-06-22 05:04:18 --> Session: Class initialized using 'CodeIgniter\Session\Handlers\FileHandler' driver.
INFO - 2023-06-22 05:05:31 --> Session: Class initialized using 'CodeIgniter\Session\Handlers\FileHandler' driver.
INFO - 2023-06-22 05:05:59 --> Session: Class initialized using 'CodeIgniter\Session\Handlers\FileHandler' driver.
INFO - 2023-06-22 05:06:02 --> Session: Class initialized using 'CodeIgniter\Session\Handlers\FileHandler' driver.
CRITICAL - 2023-06-22 05:35:22 --> Undefined constant "App\Controllers\model"
in APPPATH\Controllers\Users.php on line 134.
 1 SYSTEMPATH\CodeIgniter.php(934): App\Controllers\Users->profile()
 2 SYSTEMPATH\CodeIgniter.php(499): CodeIgniter\CodeIgniter->runController(Object(App\Controllers\Users))
 3 SYSTEMPATH\CodeIgniter.php(368): CodeIgniter\CodeIgniter->handleRequest(null, Object(Config\Cache), false)
 4 FCPATH\index.php(67): CodeIgniter\CodeIgniter->run()
 5 SYSTEMPATH\Commands\Server\rewrite.php(47): require_once('C:\\Users\\User\\Downloads\\CI\\CI\\public\\index.php')
CRITICAL - 2023-06-22 05:37:02 --> Undefined constant "App\Controllers\model"
in APPPATH\Controllers\Users.php on line 99.
 1 SYSTEMPATH\CodeIgniter.php(934): App\Controllers\Users->profile()
 2 SYSTEMPATH\CodeIgniter.php(499): CodeIgniter\CodeIgniter->runController(Object(App\Controllers\Users))
 3 SYSTEMPATH\CodeIgniter.php(368): CodeIgniter\CodeIgniter->handleRequest(null, Object(Config\Cache), false)
 4 FCPATH\index.php(67): CodeIgniter\CodeIgniter->run()
 5 SYSTEMPATH\Commands\Server\rewrite.php(47): require_once('C:\\Users\\User\\Downloads\\CI\\CI\\public\\index.php')
CRITICAL - 2023-06-22 05:40:23 --> Undefined constant "App\Controllers\model"
in APPPATH\Controllers\Users.php on line 135.
 1 SYSTEMPATH\CodeIgniter.php(934): App\Controllers\Users->profile()
 2 SYSTEMPATH\CodeIgniter.php(499): CodeIgniter\CodeIgniter->runController(Object(App\Controllers\Users))
 3 SYSTEMPATH\CodeIgniter.php(368): CodeIgniter\CodeIgniter->handleRequest(null, Object(Config\Cache), false)
 4 FCPATH\index.php(67): CodeIgniter\CodeIgniter->run()
 5 SYSTEMPATH\Commands\Server\rewrite.php(47): require_once('C:\\Users\\User\\Downloads\\CI\\CI\\public\\index.php')
INFO - 2023-06-22 05:40:31 --> Session: Class initialized using 'CodeIgniter\Session\Handlers\FileHandler' driver.
CRITICAL - 2023-06-22 05:40:34 --> Undefined constant "App\Controllers\model"
in APPPATH\Controllers\Users.php on line 135.
 1 SYSTEMPATH\CodeIgniter.php(934): App\Controllers\Users->profile()
 2 SYSTEMPATH\CodeIgniter.php(499): CodeIgniter\CodeIgniter->runController(Object(App\Controllers\Users))
 3 SYSTEMPATH\CodeIgniter.php(368): CodeIgniter\CodeIgniter->handleRequest(null, Object(Config\Cache), false)
 4 FCPATH\index.php(67): CodeIgniter\CodeIgniter->run()
 5 SYSTEMPATH\Commands\Server\rewrite.php(47): require_once('C:\\Users\\User\\Downloads\\CI\\CI\\public\\index.php')
CRITICAL - 2023-06-22 05:41:57 --> Undefined constant "App\Controllers\model"
in APPPATH\Controllers\Users.php on line 135.
 1 SYSTEMPATH\CodeIgniter.php(934): App\Controllers\Users->profile()
 2 SYSTEMPATH\CodeIgniter.php(499): CodeIgniter\CodeIgniter->runController(Object(App\Controllers\Users))
 3 SYSTEMPATH\CodeIgniter.php(368): CodeIgniter\CodeIgniter->handleRequest(null, Object(Config\Cache), false)
 4 FCPATH\index.php(67): CodeIgniter\CodeIgniter->run()
 5 SYSTEMPATH\Commands\Server\rewrite.php(47): require_once('C:\\Users\\User\\Downloads\\CI\\CI\\public\\index.php')
CRITICAL - 2023-06-22 05:44:12 --> Undefined constant "App\Controllers\model"
in APPPATH\Controllers\Users.php on line 135.
 1 SYSTEMPATH\CodeIgniter.php(934): App\Controllers\Users->profile()
 2 SYSTEMPATH\CodeIgniter.php(499): CodeIgniter\CodeIgniter->runController(Object(App\Controllers\Users))
 3 SYSTEMPATH\CodeIgniter.php(368): CodeIgniter\CodeIgniter->handleRequest(null, Object(Config\Cache), false)
 4 FCPATH\index.php(67): CodeIgniter\CodeIgniter->run()
 5 SYSTEMPATH\Commands\Server\rewrite.php(47): require_once('C:\\Users\\User\\Downloads\\CI\\CI\\public\\index.php')
INFO - 2023-06-22 05:46:02 --> Session: Class initialized using 'CodeIgniter\Session\Handlers\FileHandler' driver.
CRITICAL - 2023-06-22 05:46:04 --> Undefined constant "App\Controllers\model"
in APPPATH\Controllers\Users.php on line 133.
 1 SYSTEMPATH\CodeIgniter.php(934): App\Controllers\Users->profile()
 2 SYSTEMPATH\CodeIgniter.php(499): CodeIgniter\CodeIgniter->runController(Object(App\Controllers\Users))
 3 SYSTEMPATH\CodeIgniter.php(368): CodeIgniter\CodeIgniter->handleRequest(null, Object(Config\Cache), false)
 4 FCPATH\index.php(67): CodeIgniter\CodeIgniter->run()
 5 SYSTEMPATH\Commands\Server\rewrite.php(47): require_once('C:\\Users\\User\\Downloads\\CI\\CI\\public\\index.php')
CRITICAL - 2023-06-22 05:53:32 --> Undefined constant "App\Controllers\model"
in APPPATH\Controllers\Users.php on line 133.
 1 SYSTEMPATH\CodeIgniter.php(934): App\Controllers\Users->profile()
 2 SYSTEMPATH\CodeIgniter.php(499): CodeIgniter\CodeIgniter->runController(Object(App\Controllers\Users))
 3 SYSTEMPATH\CodeIgniter.php(368): CodeIgniter\CodeIgniter->handleRequest(null, Object(Config\Cache), false)
 4 FCPATH\index.php(67): CodeIgniter\CodeIgniter->run()
 5 SYSTEMPATH\Commands\Server\rewrite.php(47): require_once('C:\\Users\\User\\Downloads\\CI\\CI\\public\\index.php')
INFO - 2023-06-22 05:53:35 --> Session: Class initialized using 'CodeIgniter\Session\Handlers\FileHandler' driver.
CRITICAL - 2023-06-22 05:53:37 --> Undefined constant "App\Controllers\model"
in APPPATH\Controllers\Users.php on line 133.
 1 SYSTEMPATH\CodeIgniter.php(934): App\Controllers\Users->profile()
 2 SYSTEMPATH\CodeIgniter.php(499): CodeIgniter\CodeIgniter->runController(Object(App\Controllers\Users))
 3 SYSTEMPATH\CodeIgniter.php(368): CodeIgniter\CodeIgniter->handleRequest(null, Object(Config\Cache), false)
 4 FCPATH\index.php(67): CodeIgniter\CodeIgniter->run()
 5 SYSTEMPATH\Commands\Server\rewrite.php(47): require_once('C:\\Users\\User\\Downloads\\CI\\CI\\public\\index.php')
INFO - 2023-06-22 05:55:16 --> Session: Class initialized using 'CodeIgniter\Session\Handlers\FileHandler' driver.
CRITICAL - 2023-06-22 05:55:16 --> Undefined variable $user
in APPPATH\Views\users\profile.php on line 5.
 1 APPPATH\Views\users\profile.php(5): CodeIgniter\Debug\Exceptions->errorHandler(2, 'Undefined variable $user', 'C:\\Users\\User\\Downloads\\CI\\CI\\app\\Views\\users\\profile.php', 5)
 2 SYSTEMPATH\View\View.php(213): include('C:\\Users\\User\\Downloads\\CI\\CI\\app\\Views\\users\\profile.php')
 3 SYSTEMPATH\View\View.php(216): CodeIgniter\View\View->CodeIgniter\View\{closure}()
 4 SYSTEMPATH\Common.php(1184): CodeIgniter\View\View->render('Views/users/profile', [], true)
 5 APPPATH\Controllers\Users.php(135): view('Views/users/profile', [])
 6 SYSTEMPATH\CodeIgniter.php(934): App\Controllers\Users->profile()
 7 SYSTEMPATH\CodeIgniter.php(499): CodeIgniter\CodeIgniter->runController(Object(App\Controllers\Users))
 8 SYSTEMPATH\CodeIgniter.php(368): CodeIgniter\CodeIgniter->handleRequest(null, Object(Config\Cache), false)
 9 FCPATH\index.php(67): CodeIgniter\CodeIgniter->run()
10 SYSTEMPATH\Commands\Server\rewrite.php(47): require_once('C:\\Users\\User\\Downloads\\CI\\CI\\public\\index.php')
INFO - 2023-06-22 05:55:30 --> Session: Class initialized using 'CodeIgniter\Session\Handlers\FileHandler' driver.
INFO - 2023-06-22 05:55:32 --> Session: Class initialized using 'CodeIgniter\Session\Handlers\FileHandler' driver.
CRITICAL - 2023-06-22 05:55:32 --> Undefined variable $user
in APPPATH\Views\users\profile.php on line 5.
 1 APPPATH\Views\users\profile.php(5): CodeIgniter\Debug\Exceptions->errorHandler(2, 'Undefined variable $user', 'C:\\Users\\User\\Downloads\\CI\\CI\\app\\Views\\users\\profile.php', 5)
 2 SYSTEMPATH\View\View.php(213): include('C:\\Users\\User\\Downloads\\CI\\CI\\app\\Views\\users\\profile.php')
 3 SYSTEMPATH\View\View.php(216): CodeIgniter\View\View->CodeIgniter\View\{closure}()
 4 SYSTEMPATH\Common.php(1184): CodeIgniter\View\View->render('Views/users/profile', [], true)
 5 APPPATH\Controllers\Users.php(135): view('Views/users/profile', [])
 6 SYSTEMPATH\CodeIgniter.php(934): App\Controllers\Users->profile()
 7 SYSTEMPATH\CodeIgniter.php(499): CodeIgniter\CodeIgniter->runController(Object(App\Controllers\Users))
 8 SYSTEMPATH\CodeIgniter.php(368): CodeIgniter\CodeIgniter->handleRequest(null, Object(Config\Cache), false)
 9 FCPATH\index.php(67): CodeIgniter\CodeIgniter->run()
10 SYSTEMPATH\Commands\Server\rewrite.php(47): require_once('C:\\Users\\User\\Downloads\\CI\\CI\\public\\index.php')
CRITICAL - 2023-06-22 05:59:19 --> Undefined constant "App\Controllers\model"
in APPPATH\Controllers\Users.php on line 133.
 1 SYSTEMPATH\CodeIgniter.php(934): App\Controllers\Users->profile()
 2 SYSTEMPATH\CodeIgniter.php(499): CodeIgniter\CodeIgniter->runController(Object(App\Controllers\Users))
 3 SYSTEMPATH\CodeIgniter.php(368): CodeIgniter\CodeIgniter->handleRequest(null, Object(Config\Cache), false)
 4 FCPATH\index.php(67): CodeIgniter\CodeIgniter->run()
 5 SYSTEMPATH\Commands\Server\rewrite.php(47): require_once('C:\\Users\\User\\Downloads\\CI\\CI\\public\\index.php')
CRITICAL - 2023-06-22 06:02:38 --> Undefined constant "App\Controllers\user"
in APPPATH\Controllers\Users.php on line 133.
 1 SYSTEMPATH\CodeIgniter.php(934): App\Controllers\Users->profile()
 2 SYSTEMPATH\CodeIgniter.php(499): CodeIgniter\CodeIgniter->runController(Object(App\Controllers\Users))
 3 SYSTEMPATH\CodeIgniter.php(368): CodeIgniter\CodeIgniter->handleRequest(null, Object(Config\Cache), false)
 4 FCPATH\index.php(67): CodeIgniter\CodeIgniter->run()
 5 SYSTEMPATH\Commands\Server\rewrite.php(47): require_once('C:\\Users\\User\\Downloads\\CI\\CI\\public\\index.php')
INFO - 2023-06-22 06:06:27 --> Session: Class initialized using 'CodeIgniter\Session\Handlers\FileHandler' driver.
CRITICAL - 2023-06-22 06:06:27 --> Undefined variable $user
in APPPATH\Views\users\profile.php on line 5.
 1 APPPATH\Views\users\profile.php(5): CodeIgniter\Debug\Exceptions->errorHandler(2, 'Undefined variable $user', 'C:\\Users\\User\\Downloads\\CI\\CI\\app\\Views\\users\\profile.php', 5)
 2 SYSTEMPATH\View\View.php(213): include('C:\\Users\\User\\Downloads\\CI\\CI\\app\\Views\\users\\profile.php')
 3 SYSTEMPATH\View\View.php(216): CodeIgniter\View\View->CodeIgniter\View\{closure}()
 4 SYSTEMPATH\Common.php(1184): CodeIgniter\View\View->render('Views/users/profile', [], true)
 5 APPPATH\Controllers\Users.php(137): view('Views/users/profile', [])
 6 SYSTEMPATH\CodeIgniter.php(934): App\Controllers\Users->profile()
 7 SYSTEMPATH\CodeIgniter.php(499): CodeIgniter\CodeIgniter->runController(Object(App\Controllers\Users))
 8 SYSTEMPATH\CodeIgniter.php(368): CodeIgniter\CodeIgniter->handleRequest(null, Object(Config\Cache), false)
 9 FCPATH\index.php(67): CodeIgniter\CodeIgniter->run()
10 SYSTEMPATH\Commands\Server\rewrite.php(47): require_once('C:\\Users\\User\\Downloads\\CI\\CI\\public\\index.php')
INFO - 2023-06-22 06:08:08 --> Session: Class initialized using 'CodeIgniter\Session\Handlers\FileHandler' driver.
CRITICAL - 2023-06-22 06:08:08 --> Undefined variable $user
in APPPATH\Views\users\profile.php on line 5.
 1 APPPATH\Views\users\profile.php(5): CodeIgniter\Debug\Exceptions->errorHandler(2, 'Undefined variable $user', 'C:\\Users\\User\\Downloads\\CI\\CI\\app\\Views\\users\\profile.php', 5)
 2 SYSTEMPATH\View\View.php(213): include('C:\\Users\\User\\Downloads\\CI\\CI\\app\\Views\\users\\profile.php')
 3 SYSTEMPATH\View\View.php(216): CodeIgniter\View\View->CodeIgniter\View\{closure}()
 4 SYSTEMPATH\Common.php(1184): CodeIgniter\View\View->render('Views/users/profile', [], true)
 5 APPPATH\Controllers\Users.php(137): view('Views/users/profile', [])
 6 SYSTEMPATH\CodeIgniter.php(934): App\Controllers\Users->profile()
 7 SYSTEMPATH\CodeIgniter.php(499): CodeIgniter\CodeIgniter->runController(Object(App\Controllers\Users))
 8 SYSTEMPATH\CodeIgniter.php(368): CodeIgniter\CodeIgniter->handleRequest(null, Object(Config\Cache), false)
 9 FCPATH\index.php(67): CodeIgniter\CodeIgniter->run()
10 SYSTEMPATH\Commands\Server\rewrite.php(47): require_once('C:\\Users\\User\\Downloads\\CI\\CI\\public\\index.php')
INFO - 2023-06-22 06:08:09 --> Session: Class initialized using 'CodeIgniter\Session\Handlers\FileHandler' driver.
CRITICAL - 2023-06-22 06:08:09 --> Undefined variable $user
in APPPATH\Views\users\profile.php on line 5.
 1 APPPATH\Views\users\profile.php(5): CodeIgniter\Debug\Exceptions->errorHandler(2, 'Undefined variable $user', 'C:\\Users\\User\\Downloads\\CI\\CI\\app\\Views\\users\\profile.php', 5)
 2 SYSTEMPATH\View\View.php(213): include('C:\\Users\\User\\Downloads\\CI\\CI\\app\\Views\\users\\profile.php')
 3 SYSTEMPATH\View\View.php(216): CodeIgniter\View\View->CodeIgniter\View\{closure}()
 4 SYSTEMPATH\Common.php(1184): CodeIgniter\View\View->render('Views/users/profile', [], true)
 5 APPPATH\Controllers\Users.php(137): view('Views/users/profile', [])
 6 SYSTEMPATH\CodeIgniter.php(934): App\Controllers\Users->profile()
 7 SYSTEMPATH\CodeIgniter.php(499): CodeIgniter\CodeIgniter->runController(Object(App\Controllers\Users))
 8 SYSTEMPATH\CodeIgniter.php(368): CodeIgniter\CodeIgniter->handleRequest(null, Object(Config\Cache), false)
 9 FCPATH\index.php(67): CodeIgniter\CodeIgniter->run()
10 SYSTEMPATH\Commands\Server\rewrite.php(47): require_once('C:\\Users\\User\\Downloads\\CI\\CI\\public\\index.php')
CRITICAL - 2023-06-22 06:12:38 --> Undefined constant "App\Controllers\model"
in APPPATH\Controllers\Users.php on line 135.
 1 SYSTEMPATH\CodeIgniter.php(934): App\Controllers\Users->profile()
 2 SYSTEMPATH\CodeIgniter.php(499): CodeIgniter\CodeIgniter->runController(Object(App\Controllers\Users))
 3 SYSTEMPATH\CodeIgniter.php(368): CodeIgniter\CodeIgniter->handleRequest(null, Object(Config\Cache), false)
 4 FCPATH\index.php(67): CodeIgniter\CodeIgniter->run()
 5 SYSTEMPATH\Commands\Server\rewrite.php(47): require_once('C:\\Users\\User\\Downloads\\CI\\CI\\public\\index.php')
INFO - 2023-06-22 06:21:20 --> Session: Class initialized using 'CodeIgniter\Session\Handlers\FileHandler' driver.
CRITICAL - 2023-06-22 06:21:20 --> Array callback must have exactly two elements
in APPPATH\Views\users\profile.php on line 22.
 1 SYSTEMPATH\View\View.php(213): include()
 2 SYSTEMPATH\View\View.php(216): CodeIgniter\View\View->CodeIgniter\View\{closure}()
 3 SYSTEMPATH\Common.php(1184): CodeIgniter\View\View->render('Views/users/profile', [], true)
 4 APPPATH\Controllers\Users.php(137): view('Views/users/profile', [...])
 5 SYSTEMPATH\CodeIgniter.php(934): App\Controllers\Users->profile()
 6 SYSTEMPATH\CodeIgniter.php(499): CodeIgniter\CodeIgniter->runController(Object(App\Controllers\Users))
 7 SYSTEMPATH\CodeIgniter.php(368): CodeIgniter\CodeIgniter->handleRequest(null, Object(Config\Cache), false)
 8 FCPATH\index.php(67): CodeIgniter\CodeIgniter->run()
 9 SYSTEMPATH\Commands\Server\rewrite.php(47): require_once('C:\\Users\\User\\Downloads\\CI\\CI\\public\\index.php')
INFO - 2023-06-22 06:23:27 --> Session: Class initialized using 'CodeIgniter\Session\Handlers\FileHandler' driver.
INFO - 2023-06-22 06:51:37 --> Session: Class initialized using 'CodeIgniter\Session\Handlers\FileHandler' driver.
INFO - 2023-06-22 06:51:43 --> Session: Class initialized using 'CodeIgniter\Session\Handlers\FileHandler' driver.
CRITICAL - 2023-06-22 06:51:43 --> Trying to access array offset on value of type null
in APPPATH\Views\users\profile.php on line 5.
 1 APPPATH\Views\users\profile.php(5): CodeIgniter\Debug\Exceptions->errorHandler(2, 'Trying to access array offset on value of type null', 'C:\\Users\\User\\Downloads\\CI\\CI\\app\\Views\\users\\profile.php', 5)
 2 SYSTEMPATH\View\View.php(213): include('C:\\Users\\User\\Downloads\\CI\\CI\\app\\Views\\users\\profile.php')
 3 SYSTEMPATH\View\View.php(216): CodeIgniter\View\View->CodeIgniter\View\{closure}()
 4 SYSTEMPATH\Common.php(1184): CodeIgniter\View\View->render('Views/users/profile', [], true)
 5 APPPATH\Controllers\Users.php(137): view('Views/users/profile', [...])
 6 SYSTEMPATH\CodeIgniter.php(934): App\Controllers\Users->profile()
 7 SYSTEMPATH\CodeIgniter.php(499): CodeIgniter\CodeIgniter->runController(Object(App\Controllers\Users))
 8 SYSTEMPATH\CodeIgniter.php(368): CodeIgniter\CodeIgniter->handleRequest(null, Object(Config\Cache), false)
 9 FCPATH\index.php(67): CodeIgniter\CodeIgniter->run()
10 SYSTEMPATH\Commands\Server\rewrite.php(47): require_once('C:\\Users\\User\\Downloads\\CI\\CI\\public\\index.php')
INFO - 2023-06-22 06:51:50 --> Session: Class initialized using 'CodeIgniter\Session\Handlers\FileHandler' driver.
INFO - 2023-06-22 06:52:08 --> Session: Class initialized using 'CodeIgniter\Session\Handlers\FileHandler' driver.
INFO - 2023-06-22 06:52:08 --> Session: Class initialized using 'CodeIgniter\Session\Handlers\FileHandler' driver.
INFO - 2023-06-22 06:52:10 --> Session: Class initialized using 'CodeIgniter\Session\Handlers\FileHandler' driver.
INFO - 2023-06-22 06:52:14 --> Session: Class initialized using 'CodeIgniter\Session\Handlers\FileHandler' driver.
INFO - 2023-06-22 06:52:21 --> Session: Class initialized using 'CodeIgniter\Session\Handlers\FileHandler' driver.
CRITICAL - 2023-06-22 06:52:21 --> Trying to access array offset on value of type null
in APPPATH\Views\users\profile.php on line 5.
 1 APPPATH\Views\users\profile.php(5): CodeIgniter\Debug\Exceptions->errorHandler(2, 'Trying to access array offset on value of type null', 'C:\\Users\\User\\Downloads\\CI\\CI\\app\\Views\\users\\profile.php', 5)
 2 SYSTEMPATH\View\View.php(213): include('C:\\Users\\User\\Downloads\\CI\\CI\\app\\Views\\users\\profile.php')
 3 SYSTEMPATH\View\View.php(216): CodeIgniter\View\View->CodeIgniter\View\{closure}()
 4 SYSTEMPATH\Common.php(1184): CodeIgniter\View\View->render('Views/users/profile', [], true)
 5 APPPATH\Controllers\Users.php(137): view('Views/users/profile', [...])
 6 SYSTEMPATH\CodeIgniter.php(934): App\Controllers\Users->profile()
 7 SYSTEMPATH\CodeIgniter.php(499): CodeIgniter\CodeIgniter->runController(Object(App\Controllers\Users))
 8 SYSTEMPATH\CodeIgniter.php(368): CodeIgniter\CodeIgniter->handleRequest(null, Object(Config\Cache), false)
 9 FCPATH\index.php(67): CodeIgniter\CodeIgniter->run()
10 SYSTEMPATH\Commands\Server\rewrite.php(47): require_once('C:\\Users\\User\\Downloads\\CI\\CI\\public\\index.php')
INFO - 2023-06-22 06:52:43 --> Session: Class initialized using 'CodeIgniter\Session\Handlers\FileHandler' driver.
CRITICAL - 2023-06-22 06:52:43 --> Trying to access array offset on value of type null
in APPPATH\Views\users\profile.php on line 5.
 1 APPPATH\Views\users\profile.php(5): CodeIgniter\Debug\Exceptions->errorHandler(2, 'Trying to access array offset on value of type null', 'C:\\Users\\User\\Downloads\\CI\\CI\\app\\Views\\users\\profile.php', 5)
 2 SYSTEMPATH\View\View.php(213): include('C:\\Users\\User\\Downloads\\CI\\CI\\app\\Views\\users\\profile.php')
 3 SYSTEMPATH\View\View.php(216): CodeIgniter\View\View->CodeIgniter\View\{closure}()
 4 SYSTEMPATH\Common.php(1184): CodeIgniter\View\View->render('Views/users/profile', [], true)
 5 APPPATH\Controllers\Users.php(137): view('Views/users/profile', [...])
 6 SYSTEMPATH\CodeIgniter.php(934): App\Controllers\Users->profile()
 7 SYSTEMPATH\CodeIgniter.php(499): CodeIgniter\CodeIgniter->runController(Object(App\Controllers\Users))
 8 SYSTEMPATH\CodeIgniter.php(368): CodeIgniter\CodeIgniter->handleRequest(null, Object(Config\Cache), false)
 9 FCPATH\index.php(67): CodeIgniter\CodeIgniter->run()
10 SYSTEMPATH\Commands\Server\rewrite.php(47): require_once('C:\\Users\\User\\Downloads\\CI\\CI\\public\\index.php')
INFO - 2023-06-22 06:54:17 --> Session: Class initialized using 'CodeIgniter\Session\Handlers\FileHandler' driver.
INFO - 2023-06-22 07:01:31 --> Session: Class initialized using 'CodeIgniter\Session\Handlers\FileHandler' driver.
