INFO - 2023-06-21 05:47:38 --> Session: Class initialized using 'CodeIgniter\Session\Handlers\FileHandler' driver.
INFO - 2023-06-21 05:51:36 --> Session: Class initialized using 'CodeIgniter\Session\Handlers\FileHandler' driver.
INFO - 2023-06-21 05:56:02 --> Session: Class initialized using 'CodeIgniter\Session\Handlers\FileHandler' driver.
INFO - 2023-06-21 05:56:11 --> Session: Class initialized using 'CodeIgniter\Session\Handlers\FileHandler' driver.
INFO - 2023-06-21 11:05:32 --> Session: Class initialized using 'CodeIgniter\Session\Handlers\FileHandler' driver.
INFO - 2023-06-21 16:51:48 --> Session: Class initialized using 'CodeIgniter\Session\Handlers\FileHandler' driver.
INFO - 2023-06-21 16:51:49 --> Session: Class initialized using 'CodeIgniter\Session\Handlers\FileHandler' driver.
INFO - 2023-06-21 16:54:27 --> Session: Class initialized using 'CodeIgniter\Session\Handlers\FileHandler' driver.
INFO - 2023-06-21 16:58:20 --> Session: Class initialized using 'CodeIgniter\Session\Handlers\FileHandler' driver.
INFO - 2023-06-21 16:58:25 --> Session: Class initialized using 'CodeIgniter\Session\Handlers\FileHandler' driver.
CRITICAL - 2023-06-21 16:58:37 --> "validateUser" is not a valid rule.
in SYSTEMPATH\Validation\Validation.php on line 329.
 1 SYSTEMPATH\Validation\Validation.php(329): CodeIgniter\Validation\Exceptions\ValidationException::forRuleNotFound('validateUser')
 2 SYSTEMPATH\Validation\Validation.php(179): CodeIgniter\Validation\Validation->processRules('password', 'password', '1245784678', [...], [...])
 3 SYSTEMPATH\Controller.php(140): CodeIgniter\Validation\Validation->run()
 4 APPPATH\Controllers\Users.php(26): CodeIgniter\Controller->validate([...], [...])
 5 SYSTEMPATH\CodeIgniter.php(934): App\Controllers\Users->index()
 6 SYSTEMPATH\CodeIgniter.php(499): CodeIgniter\CodeIgniter->runController(Object(App\Controllers\Users))
 7 SYSTEMPATH\CodeIgniter.php(368): CodeIgniter\CodeIgniter->handleRequest(null, Object(Config\Cache), false)
 8 FCPATH\index.php(67): CodeIgniter\CodeIgniter->run()
 9 SYSTEMPATH\Commands\Server\rewrite.php(47): require_once('C:\\Users\\User\\Downloads\\CI\\CI\\public\\index.php')
INFO - 2023-06-21 16:59:44 --> Session: Class initialized using 'CodeIgniter\Session\Handlers\FileHandler' driver.
INFO - 2023-06-21 16:59:46 --> Session: Class initialized using 'CodeIgniter\Session\Handlers\FileHandler' driver.
INFO - 2023-06-21 16:59:53 --> Session: Class initialized using 'CodeIgniter\Session\Handlers\FileHandler' driver.
CRITICAL - 2023-06-21 17:00:06 --> "validateUser" is not a valid rule.
in SYSTEMPATH\Validation\Validation.php on line 329.
 1 SYSTEMPATH\Validation\Validation.php(329): CodeIgniter\Validation\Exceptions\ValidationException::forRuleNotFound('validateUser')
 2 SYSTEMPATH\Validation\Validation.php(179): CodeIgniter\Validation\Validation->processRules('password', 'password', '195478548', [...], [...])
 3 SYSTEMPATH\Controller.php(140): CodeIgniter\Validation\Validation->run()
 4 APPPATH\Controllers\Users.php(26): CodeIgniter\Controller->validate([...], [...])
 5 SYSTEMPATH\CodeIgniter.php(934): App\Controllers\Users->index()
 6 SYSTEMPATH\CodeIgniter.php(499): CodeIgniter\CodeIgniter->runController(Object(App\Controllers\Users))
 7 SYSTEMPATH\CodeIgniter.php(368): CodeIgniter\CodeIgniter->handleRequest(null, Object(Config\Cache), false)
 8 FCPATH\index.php(67): CodeIgniter\CodeIgniter->run()
 9 SYSTEMPATH\Commands\Server\rewrite.php(47): require_once('C:\\Users\\User\\Downloads\\CI\\CI\\public\\index.php')
INFO - 2023-06-21 17:02:17 --> Session: Class initialized using 'CodeIgniter\Session\Handlers\FileHandler' driver.
CRITICAL - 2023-06-21 17:02:31 --> "validateUser" is not a valid rule.
in SYSTEMPATH\Validation\Validation.php on line 329.
 1 SYSTEMPATH\Validation\Validation.php(329): CodeIgniter\Validation\Exceptions\ValidationException::forRuleNotFound('validateUser')
 2 SYSTEMPATH\Validation\Validation.php(179): CodeIgniter\Validation\Validation->processRules('password', 'password', 'Maike200', [...], [...])
 3 SYSTEMPATH\Controller.php(140): CodeIgniter\Validation\Validation->run()
 4 APPPATH\Controllers\Users.php(26): CodeIgniter\Controller->validate([...], [...])
 5 SYSTEMPATH\CodeIgniter.php(934): App\Controllers\Users->index()
 6 SYSTEMPATH\CodeIgniter.php(499): CodeIgniter\CodeIgniter->runController(Object(App\Controllers\Users))
 7 SYSTEMPATH\CodeIgniter.php(368): CodeIgniter\CodeIgniter->handleRequest(null, Object(Config\Cache), false)
 8 FCPATH\index.php(67): CodeIgniter\CodeIgniter->run()
 9 SYSTEMPATH\Commands\Server\rewrite.php(47): require_once('C:\\Users\\User\\Downloads\\CI\\CI\\public\\index.php')
INFO - 2023-06-21 17:04:32 --> Session: Class initialized using 'CodeIgniter\Session\Handlers\FileHandler' driver.
INFO - 2023-06-21 17:04:35 --> Session: Class initialized using 'CodeIgniter\Session\Handlers\FileHandler' driver.
INFO - 2023-06-21 17:04:38 --> Session: Class initialized using 'CodeIgniter\Session\Handlers\FileHandler' driver.
CRITICAL - 2023-06-21 17:04:45 --> "validateUser" is not a valid rule.
in SYSTEMPATH\Validation\Validation.php on line 329.
 1 SYSTEMPATH\Validation\Validation.php(329): CodeIgniter\Validation\Exceptions\ValidationException::forRuleNotFound('validateUser')
 2 SYSTEMPATH\Validation\Validation.php(179): CodeIgniter\Validation\Validation->processRules('password', 'password', '123456789', [...], [...])
 3 SYSTEMPATH\Controller.php(140): CodeIgniter\Validation\Validation->run()
 4 APPPATH\Controllers\Users.php(26): CodeIgniter\Controller->validate([...], [...])
 5 SYSTEMPATH\CodeIgniter.php(934): App\Controllers\Users->index()
 6 SYSTEMPATH\CodeIgniter.php(499): CodeIgniter\CodeIgniter->runController(Object(App\Controllers\Users))
 7 SYSTEMPATH\CodeIgniter.php(368): CodeIgniter\CodeIgniter->handleRequest(null, Object(Config\Cache), false)
 8 FCPATH\index.php(67): CodeIgniter\CodeIgniter->run()
 9 SYSTEMPATH\Commands\Server\rewrite.php(47): require_once('C:\\Users\\User\\Downloads\\CI\\CI\\public\\index.php')
CRITICAL - 2023-06-21 17:07:12 --> Class "Config\UserRules" not found
in SYSTEMPATH\Validation\Validation.php on line 613.
 1 SYSTEMPATH\Validation\Validation.php(127): CodeIgniter\Validation\Validation->loadRuleSets()
 2 SYSTEMPATH\Controller.php(140): CodeIgniter\Validation\Validation->run()
 3 APPPATH\Controllers\Users.php(26): CodeIgniter\Controller->validate([...], [...])
 4 SYSTEMPATH\CodeIgniter.php(934): App\Controllers\Users->index()
 5 SYSTEMPATH\CodeIgniter.php(499): CodeIgniter\CodeIgniter->runController(Object(App\Controllers\Users))
 6 SYSTEMPATH\CodeIgniter.php(368): CodeIgniter\CodeIgniter->handleRequest(null, Object(Config\Cache), false)
 7 FCPATH\index.php(67): CodeIgniter\CodeIgniter->run()
 8 SYSTEMPATH\Commands\Server\rewrite.php(47): require_once('C:\\Users\\User\\Downloads\\CI\\CI\\public\\index.php')
CRITICAL - 2023-06-21 17:07:20 --> Class "Config\UserRules" not found
in SYSTEMPATH\Validation\Validation.php on line 613.
 1 SYSTEMPATH\Validation\Validation.php(127): CodeIgniter\Validation\Validation->loadRuleSets()
 2 SYSTEMPATH\Controller.php(140): CodeIgniter\Validation\Validation->run()
 3 APPPATH\Controllers\Users.php(26): CodeIgniter\Controller->validate([...], [...])
 4 SYSTEMPATH\CodeIgniter.php(934): App\Controllers\Users->index()
 5 SYSTEMPATH\CodeIgniter.php(499): CodeIgniter\CodeIgniter->runController(Object(App\Controllers\Users))
 6 SYSTEMPATH\CodeIgniter.php(368): CodeIgniter\CodeIgniter->handleRequest(null, Object(Config\Cache), false)
 7 FCPATH\index.php(67): CodeIgniter\CodeIgniter->run()
 8 SYSTEMPATH\Commands\Server\rewrite.php(47): require_once('C:\\Users\\User\\Downloads\\CI\\CI\\public\\index.php')
CRITICAL - 2023-06-21 17:11:08 --> Class "Config\UserRules" not found
in SYSTEMPATH\Validation\Validation.php on line 613.
 1 SYSTEMPATH\Validation\Validation.php(127): CodeIgniter\Validation\Validation->loadRuleSets()
 2 SYSTEMPATH\Controller.php(140): CodeIgniter\Validation\Validation->run()
 3 APPPATH\Controllers\Users.php(26): CodeIgniter\Controller->validate([...], [...])
 4 SYSTEMPATH\CodeIgniter.php(934): App\Controllers\Users->index()
 5 SYSTEMPATH\CodeIgniter.php(499): CodeIgniter\CodeIgniter->runController(Object(App\Controllers\Users))
 6 SYSTEMPATH\CodeIgniter.php(368): CodeIgniter\CodeIgniter->handleRequest(null, Object(Config\Cache), false)
 7 FCPATH\index.php(67): CodeIgniter\CodeIgniter->run()
 8 SYSTEMPATH\Commands\Server\rewrite.php(47): require_once('C:\\Users\\User\\Downloads\\CI\\CI\\public\\index.php')
INFO - 2023-06-21 17:19:45 --> Session: Class initialized using 'CodeIgniter\Session\Handlers\FileHandler' driver.
CRITICAL - 2023-06-21 17:19:52 --> Class "App\Model\UserModel" not found
in APPPATH\Validation\UserRules.php on line 9.
 1 SYSTEMPATH\Validation\Validation.php(321): App\Validation\UserRules->validateUser('12457896', 'email,password', [...], null, 'password')
 2 SYSTEMPATH\Validation\Validation.php(179): CodeIgniter\Validation\Validation->processRules('password', 'password', '12457896', [...], [...])
 3 SYSTEMPATH\Controller.php(140): CodeIgniter\Validation\Validation->run()
 4 APPPATH\Controllers\Users.php(26): CodeIgniter\Controller->validate([...], [...])
 5 SYSTEMPATH\CodeIgniter.php(934): App\Controllers\Users->index()
 6 SYSTEMPATH\CodeIgniter.php(499): CodeIgniter\CodeIgniter->runController(Object(App\Controllers\Users))
 7 SYSTEMPATH\CodeIgniter.php(368): CodeIgniter\CodeIgniter->handleRequest(null, Object(Config\Cache), false)
 8 FCPATH\index.php(67): CodeIgniter\CodeIgniter->run()
 9 SYSTEMPATH\Commands\Server\rewrite.php(47): require_once('C:\\Users\\User\\Downloads\\CI\\CI\\public\\index.php')
CRITICAL - 2023-06-21 17:20:37 --> Class "CodeIgniter\Validation\UserRules" not found
in SYSTEMPATH\Validation\Validation.php on line 613.
 1 SYSTEMPATH\Validation\Validation.php(127): CodeIgniter\Validation\Validation->loadRuleSets()
 2 SYSTEMPATH\Controller.php(140): CodeIgniter\Validation\Validation->run()
 3 APPPATH\Controllers\Users.php(26): CodeIgniter\Controller->validate([...], [...])
 4 SYSTEMPATH\CodeIgniter.php(934): App\Controllers\Users->index()
 5 SYSTEMPATH\CodeIgniter.php(499): CodeIgniter\CodeIgniter->runController(Object(App\Controllers\Users))
 6 SYSTEMPATH\CodeIgniter.php(368): CodeIgniter\CodeIgniter->handleRequest(null, Object(Config\Cache), false)
 7 FCPATH\index.php(67): CodeIgniter\CodeIgniter->run()
 8 SYSTEMPATH\Commands\Server\rewrite.php(47): require_once('C:\\Users\\User\\Downloads\\CI\\CI\\public\\index.php')
CRITICAL - 2023-06-21 17:20:58 --> Class "Config\UserRules" not found
in SYSTEMPATH\Validation\Validation.php on line 613.
 1 SYSTEMPATH\Validation\Validation.php(127): CodeIgniter\Validation\Validation->loadRuleSets()
 2 SYSTEMPATH\Controller.php(140): CodeIgniter\Validation\Validation->run()
 3 APPPATH\Controllers\Users.php(26): CodeIgniter\Controller->validate([...], [...])
 4 SYSTEMPATH\CodeIgniter.php(934): App\Controllers\Users->index()
 5 SYSTEMPATH\CodeIgniter.php(499): CodeIgniter\CodeIgniter->runController(Object(App\Controllers\Users))
 6 SYSTEMPATH\CodeIgniter.php(368): CodeIgniter\CodeIgniter->handleRequest(null, Object(Config\Cache), false)
 7 FCPATH\index.php(67): CodeIgniter\CodeIgniter->run()
 8 SYSTEMPATH\Commands\Server\rewrite.php(47): require_once('C:\\Users\\User\\Downloads\\CI\\CI\\public\\index.php')
CRITICAL - 2023-06-21 17:21:03 --> Class "Config\UserRules" not found
in SYSTEMPATH\Validation\Validation.php on line 613.
 1 SYSTEMPATH\Validation\Validation.php(127): CodeIgniter\Validation\Validation->loadRuleSets()
 2 SYSTEMPATH\Controller.php(140): CodeIgniter\Validation\Validation->run()
 3 APPPATH\Controllers\Users.php(26): CodeIgniter\Controller->validate([...], [...])
 4 SYSTEMPATH\CodeIgniter.php(934): App\Controllers\Users->index()
 5 SYSTEMPATH\CodeIgniter.php(499): CodeIgniter\CodeIgniter->runController(Object(App\Controllers\Users))
 6 SYSTEMPATH\CodeIgniter.php(368): CodeIgniter\CodeIgniter->handleRequest(null, Object(Config\Cache), false)
 7 FCPATH\index.php(67): CodeIgniter\CodeIgniter->run()
 8 SYSTEMPATH\Commands\Server\rewrite.php(47): require_once('C:\\Users\\User\\Downloads\\CI\\CI\\public\\index.php')
CRITICAL - 2023-06-21 17:24:02 --> Invalid file: "Auth/homepage.php"
in SYSTEMPATH\Exceptions\FrameworkException.php on line 33.
 1 SYSTEMPATH\View\View.php(201): CodeIgniter\Exceptions\FrameworkException::forInvalidFile('Auth/homepage.php')
 2 SYSTEMPATH\Common.php(1184): CodeIgniter\View\View->render('Auth/homepage.php', [], true)
 3 APPPATH\Controllers\Auth.php(24): view('Auth/homepage.php')
 4 SYSTEMPATH\CodeIgniter.php(934): App\Controllers\Auth->homePage()
 5 SYSTEMPATH\CodeIgniter.php(499): CodeIgniter\CodeIgniter->runController(Object(App\Controllers\Auth))
 6 SYSTEMPATH\CodeIgniter.php(368): CodeIgniter\CodeIgniter->handleRequest(null, Object(Config\Cache), false)
 7 FCPATH\index.php(67): CodeIgniter\CodeIgniter->run()
 8 SYSTEMPATH\Commands\Server\rewrite.php(47): require_once('C:\\Users\\User\\Downloads\\CI\\CI\\public\\index.php')
CRITICAL - 2023-06-21 17:59:11 --> Invalid file: "Auth/homepage.php"
in SYSTEMPATH\Exceptions\FrameworkException.php on line 33.
 1 SYSTEMPATH\View\View.php(201): CodeIgniter\Exceptions\FrameworkException::forInvalidFile('Auth/homepage.php')
 2 SYSTEMPATH\Common.php(1184): CodeIgniter\View\View->render('Auth/homepage.php', [], true)
 3 APPPATH\Controllers\Auth.php(24): view('Auth/homepage.php')
 4 SYSTEMPATH\CodeIgniter.php(934): App\Controllers\Auth->homePage()
 5 SYSTEMPATH\CodeIgniter.php(499): CodeIgniter\CodeIgniter->runController(Object(App\Controllers\Auth))
 6 SYSTEMPATH\CodeIgniter.php(368): CodeIgniter\CodeIgniter->handleRequest(null, Object(Config\Cache), false)
 7 FCPATH\index.php(67): CodeIgniter\CodeIgniter->run()
 8 SYSTEMPATH\Commands\Server\rewrite.php(47): require_once('C:\\Users\\User\\Downloads\\CI\\CI\\public\\index.php')
INFO - 2023-06-21 18:56:03 --> Session: Class initialized using 'CodeIgniter\Session\Handlers\FileHandler' driver.
INFO - 2023-06-21 18:56:42 --> Session: Class initialized using 'CodeIgniter\Session\Handlers\FileHandler' driver.
INFO - 2023-06-21 19:03:52 --> Session: Class initialized using 'CodeIgniter\Session\Handlers\FileHandler' driver.
INFO - 2023-06-21 19:07:46 --> Session: Class initialized using 'CodeIgniter\Session\Handlers\FileHandler' driver.
CRITICAL - 2023-06-21 19:36:50 --> Class "Config\UserRules" not found
in SYSTEMPATH\Validation\Validation.php on line 613.
 1 SYSTEMPATH\Validation\Validation.php(127): CodeIgniter\Validation\Validation->loadRuleSets()
 2 SYSTEMPATH\Controller.php(140): CodeIgniter\Validation\Validation->run()
 3 APPPATH\Controllers\Users.php(27): CodeIgniter\Controller->validate([...], [...])
 4 SYSTEMPATH\CodeIgniter.php(934): App\Controllers\Users->index()
 5 SYSTEMPATH\CodeIgniter.php(499): CodeIgniter\CodeIgniter->runController(Object(App\Controllers\Users))
 6 SYSTEMPATH\CodeIgniter.php(368): CodeIgniter\CodeIgniter->handleRequest(null, Object(Config\Cache), false)
 7 FCPATH\index.php(67): CodeIgniter\CodeIgniter->run()
 8 SYSTEMPATH\Commands\Server\rewrite.php(47): require_once('C:\\Users\\User\\Downloads\\CI\\CI\\public\\index.php')
CRITICAL - 2023-06-21 20:01:20 --> CodeIgniter\Router\RouteCollection::post(): Argument #1 ($from) must be of type string, array given, called in C:\Users\User\Downloads\CI\CI\app\Config\Routes.php on line 35
in SYSTEMPATH\Router\RouteCollection.php on line 927.
 1 APPPATH\Config\Routes.php(35): CodeIgniter\Router\RouteCollection->post([...], 'login', 'Users::index')
 2 SYSTEMPATH\Router\RouteCollection.php(267): require('C:\\Users\\User\\Downloads\\CI\\CI\\app\\Config\\Routes.php')
 3 SYSTEMPATH\CodeIgniter.php(802): CodeIgniter\Router\RouteCollection->loadRoutes()
 4 SYSTEMPATH\CodeIgniter.php(449): CodeIgniter\CodeIgniter->tryToRouteIt(null)
 5 SYSTEMPATH\CodeIgniter.php(368): CodeIgniter\CodeIgniter->handleRequest(null, Object(Config\Cache), false)
 6 FCPATH\index.php(67): CodeIgniter\CodeIgniter->run()
 7 SYSTEMPATH\Commands\Server\rewrite.php(47): require_once('C:\\Users\\User\\Downloads\\CI\\CI\\public\\index.php')
CRITICAL - 2023-06-21 20:11:20 --> Class "Config\UserRules" not found
in SYSTEMPATH\Validation\Validation.php on line 613.
 1 SYSTEMPATH\Validation\Validation.php(127): CodeIgniter\Validation\Validation->loadRuleSets()
 2 SYSTEMPATH\Controller.php(140): CodeIgniter\Validation\Validation->run()
 3 APPPATH\Controllers\Users.php(66): CodeIgniter\Controller->validate([...])
 4 SYSTEMPATH\CodeIgniter.php(934): App\Controllers\Users->register()
 5 SYSTEMPATH\CodeIgniter.php(499): CodeIgniter\CodeIgniter->runController(Object(App\Controllers\Users))
 6 SYSTEMPATH\CodeIgniter.php(368): CodeIgniter\CodeIgniter->handleRequest(null, Object(Config\Cache), false)
 7 FCPATH\index.php(67): CodeIgniter\CodeIgniter->run()
 8 SYSTEMPATH\Commands\Server\rewrite.php(47): require_once('C:\\Users\\User\\Downloads\\CI\\CI\\public\\index.php')
INFO - 2023-06-21 20:12:22 --> Session: Class initialized using 'CodeIgniter\Session\Handlers\FileHandler' driver.
CRITICAL - 2023-06-21 20:12:35 --> Class "Config\UserRules" not found
in SYSTEMPATH\Validation\Validation.php on line 613.
 1 SYSTEMPATH\Validation\Validation.php(127): CodeIgniter\Validation\Validation->loadRuleSets()
 2 SYSTEMPATH\Controller.php(140): CodeIgniter\Validation\Validation->run()
 3 APPPATH\Controllers\Users.php(27): CodeIgniter\Controller->validate([...], [...])
 4 SYSTEMPATH\CodeIgniter.php(934): App\Controllers\Users->index()
 5 SYSTEMPATH\CodeIgniter.php(499): CodeIgniter\CodeIgniter->runController(Object(App\Controllers\Users))
 6 SYSTEMPATH\CodeIgniter.php(368): CodeIgniter\CodeIgniter->handleRequest(null, Object(Config\Cache), false)
 7 FCPATH\index.php(67): CodeIgniter\CodeIgniter->run()
 8 SYSTEMPATH\Commands\Server\rewrite.php(47): require_once('C:\\Users\\User\\Downloads\\CI\\CI\\public\\index.php')
CRITICAL - 2023-06-21 20:13:54 --> Class "Config\UserRules" not found
in SYSTEMPATH\Validation\Validation.php on line 613.
 1 SYSTEMPATH\Validation\Validation.php(127): CodeIgniter\Validation\Validation->loadRuleSets()
 2 SYSTEMPATH\Controller.php(140): CodeIgniter\Validation\Validation->run()
 3 APPPATH\Controllers\Users.php(27): CodeIgniter\Controller->validate([...], [...])
 4 SYSTEMPATH\CodeIgniter.php(934): App\Controllers\Users->index()
 5 SYSTEMPATH\CodeIgniter.php(499): CodeIgniter\CodeIgniter->runController(Object(App\Controllers\Users))
 6 SYSTEMPATH\CodeIgniter.php(368): CodeIgniter\CodeIgniter->handleRequest(null, Object(Config\Cache), false)
 7 FCPATH\index.php(67): CodeIgniter\CodeIgniter->run()
 8 SYSTEMPATH\Commands\Server\rewrite.php(47): require_once('C:\\Users\\User\\Downloads\\CI\\CI\\public\\index.php')
INFO - 2023-06-21 20:19:07 --> Session: Class initialized using 'CodeIgniter\Session\Handlers\FileHandler' driver.
CRITICAL - 2023-06-21 20:19:17 --> Class "Config\UserRules" not found
in SYSTEMPATH\Validation\Validation.php on line 613.
 1 SYSTEMPATH\Validation\Validation.php(127): CodeIgniter\Validation\Validation->loadRuleSets()
 2 SYSTEMPATH\Controller.php(140): CodeIgniter\Validation\Validation->run()
 3 APPPATH\Controllers\Users.php(27): CodeIgniter\Controller->validate([...], [...])
 4 SYSTEMPATH\CodeIgniter.php(934): App\Controllers\Users->index()
 5 SYSTEMPATH\CodeIgniter.php(499): CodeIgniter\CodeIgniter->runController(Object(App\Controllers\Users))
 6 SYSTEMPATH\CodeIgniter.php(368): CodeIgniter\CodeIgniter->handleRequest(null, Object(Config\Cache), false)
 7 FCPATH\index.php(67): CodeIgniter\CodeIgniter->run()
 8 SYSTEMPATH\Commands\Server\rewrite.php(47): require_once('C:\\Users\\User\\Downloads\\CI\\CI\\public\\index.php')
INFO - 2023-06-21 20:19:41 --> Session: Class initialized using 'CodeIgniter\Session\Handlers\FileHandler' driver.
CRITICAL - 2023-06-21 20:19:46 --> Class "Config\UserRules" not found
in SYSTEMPATH\Validation\Validation.php on line 613.
 1 SYSTEMPATH\Validation\Validation.php(127): CodeIgniter\Validation\Validation->loadRuleSets()
 2 SYSTEMPATH\Controller.php(140): CodeIgniter\Validation\Validation->run()
 3 APPPATH\Controllers\Users.php(27): CodeIgniter\Controller->validate([...], [...])
 4 SYSTEMPATH\CodeIgniter.php(934): App\Controllers\Users->index()
 5 SYSTEMPATH\CodeIgniter.php(499): CodeIgniter\CodeIgniter->runController(Object(App\Controllers\Users))
 6 SYSTEMPATH\CodeIgniter.php(368): CodeIgniter\CodeIgniter->handleRequest(null, Object(Config\Cache), false)
 7 FCPATH\index.php(67): CodeIgniter\CodeIgniter->run()
 8 SYSTEMPATH\Commands\Server\rewrite.php(47): require_once('C:\\Users\\User\\Downloads\\CI\\CI\\public\\index.php')
CRITICAL - 2023-06-21 20:28:25 --> Class "Config\UserRules" not found
in SYSTEMPATH\Validation\Validation.php on line 613.
 1 SYSTEMPATH\Validation\Validation.php(127): CodeIgniter\Validation\Validation->loadRuleSets()
 2 SYSTEMPATH\Controller.php(140): CodeIgniter\Validation\Validation->run()
 3 APPPATH\Controllers\Users.php(28): CodeIgniter\Controller->validate([...], [...])
 4 SYSTEMPATH\CodeIgniter.php(934): App\Controllers\Users->index()
 5 SYSTEMPATH\CodeIgniter.php(499): CodeIgniter\CodeIgniter->runController(Object(App\Controllers\Users))
 6 SYSTEMPATH\CodeIgniter.php(368): CodeIgniter\CodeIgniter->handleRequest(null, Object(Config\Cache), false)
 7 FCPATH\index.php(67): CodeIgniter\CodeIgniter->run()
 8 SYSTEMPATH\Commands\Server\rewrite.php(47): require_once('C:\\Users\\User\\Downloads\\CI\\CI\\public\\index.php')
CRITICAL - 2023-06-21 20:54:04 --> Class "Config\UserRules" not found
in SYSTEMPATH\Validation\Validation.php on line 613.
 1 SYSTEMPATH\Validation\Validation.php(127): CodeIgniter\Validation\Validation->loadRuleSets()
 2 SYSTEMPATH\Controller.php(140): CodeIgniter\Validation\Validation->run()
 3 APPPATH\Controllers\Users.php(29): CodeIgniter\Controller->validate([...], [...])
 4 SYSTEMPATH\CodeIgniter.php(934): App\Controllers\Users->index()
 5 SYSTEMPATH\CodeIgniter.php(499): CodeIgniter\CodeIgniter->runController(Object(App\Controllers\Users))
 6 SYSTEMPATH\CodeIgniter.php(368): CodeIgniter\CodeIgniter->handleRequest(null, Object(Config\Cache), false)
 7 FCPATH\index.php(67): CodeIgniter\CodeIgniter->run()
 8 SYSTEMPATH\Commands\Server\rewrite.php(47): require_once('C:\\Users\\User\\Downloads\\CI\\CI\\public\\index.php')
